<?xml version="1.0" encoding="UTF-8"?>
<!-- Generated by org.testng.reporters.JUnitReportReporter -->
<testsuite hostname="DESKTOP-3OCF0EL" failures="0" tests="1" name="com.Frame.qa.TestCases.AdminPageTest" time="0.581" errors="0" timestamp="14 Aug. 2020 16:27:09 GMT" skipped="0">
  <testcase classname="com.Frame.qa.TestCases.AdminPageTest" name="formTest" time="0.581"/>
</testsuite> <!-- com.Frame.qa.TestCases.AdminPageTest -->
