<?xml version="1.0" encoding="UTF-8"?>
<!-- Generated by org.testng.reporters.JUnitReportReporter -->
<testsuite hostname="DESKTOP-3OCF0EL" failures="0" tests="2" name="com.Frame.qa.TestCases.OrangeHRMDashboardTest" time="0.513" errors="0" timestamp="14 Aug. 2020 16:27:09 GMT" skipped="0">
  <testcase classname="com.Frame.qa.TestCases.OrangeHRMDashboardTest" name="signIn" time="0.506"/>
  <testcase classname="com.Frame.qa.TestCases.OrangeHRMDashboardTest" name="loginPageTitle" time="0.007"/>
</testsuite> <!-- com.Frame.qa.TestCases.OrangeHRMDashboardTest -->
