<?xml version="1.0" encoding="UTF-8"?>
<!-- Generated by org.testng.reporters.JUnitReportReporter -->
<testsuite hostname="DESKTOP-3OCF0EL" failures="0" tests="2" name="com.Frame.qa.TestCases.HomePageTest" time="0.000" errors="0" timestamp="07 May 2020 22:24:58 GMT" skipped="2">
  <testcase classname="com.Frame.qa.TestCases.HomePageTest" name="loginpageTitle" time="0.000">
    <skipped/>
  </testcase> <!-- loginpageTitle -->
  <testcase classname="com.Frame.qa.TestCases.HomePageTest" name="clickonAssignleaveTest">
    <skipped/>
  </testcase> <!-- clickonAssignleaveTest -->
</testsuite> <!-- com.Frame.qa.TestCases.HomePageTest -->
