<?xml version="1.0" encoding="UTF-8"?>
<!-- Generated by org.testng.reporters.JUnitReportReporter -->
<testsuite hostname="DESKTOP-3OCF0EL" failures="0" tests="2" name="com.Frame.qa.TestCases.LoginPageZoomTest" time="1.017" errors="0" timestamp="17 Jul. 2020 00:21:39 GMT" skipped="0">
  <testcase classname="com.Frame.qa.TestCases.LoginPageZoomTest" name="signIn" time="1.005"/>
  <testcase classname="com.Frame.qa.TestCases.LoginPageZoomTest" name="loginPageTitle" time="0.012"/>
</testsuite> <!-- com.Frame.qa.TestCases.LoginPageZoomTest -->
